<?xml version="1.0" encoding="UTF-8"?>
<!-- Generated by org.testng.reporters.JUnitXMLReporter -->
<testsuite ignored="0" hostname="LAPTOP-25G0Q8S5" failures="0" tests="11" name="Ordered Tests" time="27.346" errors="0" timestamp="2026-04-01T12:17:04 IST">
  <testcase classname="tests.BookStoreTest" name="createUser" time="10.23"/>
  <testcase classname="tests.BookStoreTest" name="generateToken" time="2.016"/>
  <testcase classname="tests.BookStoreTest" name="authorizedUser" time="0.908"/>
  <testcase classname="tests.AddBooksToUserTest" name="addBooks" time="1.013"/>
  <testcase classname="tests.GetBookTest" name="getBook" time="0.823"/>
  <testcase classname="tests.UpdateBookTest" name="updateBook" time="1.099"/>
  <testcase classname="tests.DeleteBookTest" name="deleteBook" time="1.015"/>
  <testcase classname="tests.GetUserTest" name="getUser" time="1.639"/>
  <testcase classname="tests.GetAllBooksTest" name="getAllBooks" time="2.967"/>
  <testcase classname="tests.DeleteAllBooksTest" name="deleteAllBooks" time="2.382"/>
  <testcase classname="tests.DeleteUserTest" name="deleteUser" time="1.147"/>
</testsuite> <!-- Ordered Tests -->
