<?xml version="1.0" encoding="UTF-8"?>
<!-- Generated by org.testng.reporters.JUnitReportReporter -->
<testsuite hostname="LAPTOP-8T37LVQ1" failures="0" tests="7" name="testrunner.RunnerIO" time="512.393" errors="0" timestamp="2026-03-28T14:57:55 IST" skipped="0">
  <testcase classname="testrunner.RunnerIO" name="runScenario" time="70.383"/>
  <testcase classname="testrunner.RunnerIO" name="runScenario" time="127.424"/>
  <testcase classname="testrunner.RunnerIO" name="runScenario" time="97.589"/>
  <testcase classname="testrunner.RunnerIO" name="runScenario" time="22.941"/>
  <testcase classname="testrunner.RunnerIO" name="runScenario" time="54.778"/>
  <testcase classname="testrunner.RunnerIO" name="runScenario" time="109.874"/>
  <testcase classname="testrunner.RunnerIO" name="runScenario" time="29.404"/>
</testsuite> <!-- testrunner.RunnerIO -->
