<?xml version="1.0" encoding="UTF-8"?>
<!-- Generated by org.testng.reporters.JUnitXMLReporter -->
<testsuite ignored="0" hostname="LAPTOP-8T37LVQ1" failures="1" tests="5" name="API Tests" time="12.688" errors="0" timestamp="2026-03-31T00:16:21 IST">
  <testcase classname="tests.BookStoreTest" name="tearDown" time="1.007"/>
  <testcase classname="tests.BookStoreTest" name="createUser" time="7.014"/>
  <testcase classname="tests.BookStoreTest" name="generateToken" time="1.794"/>
  <testcase classname="tests.BookStoreTest" name="authorizedUser" time="1.071"/>
  <testcase classname="tests.BookStoreTest" name="deleteAllBooks" time="0.723">
    <failure type="java.lang.AssertionError" message="expected [204] but found [401]">
      <![CDATA[java.lang.AssertionError: expected [204] but found [401]
at tests.BookStoreTest.deleteAllBooks(BookStoreTest.java:90)
at java.base/java.util.ArrayList.forEach(ArrayList.java:1596)
... Removed 32 stack frames]]>
    </failure>
  </testcase> <!-- deleteAllBooks -->
</testsuite> <!-- API Tests -->
