<?xml version="1.0" encoding="UTF-8"?>
<testng-results ignored="0" total="7" passed="7" failed="0" skipped="0">
  <reporter-output>
  </reporter-output>
  <suite started-at="2026-04-01T11:46:43 IST" name="Default suite" finished-at="2026-04-01T11:53:30 IST" duration-ms="407335">
    <groups>
      <group name="cucumber">
        <method signature="AbstractTestNGCucumberTests.runScenario(io.cucumber.testng.PickleWrapper,io.cucumber.testng.FeatureWrapper)[pri:0, instance:runnerfile_buy_medicine_system.RunnerFile_BuyMedicines@6a2f6f80]" name="runScenario" class="io.cucumber.testng.AbstractTestNGCucumberTests"/>
      </group> <!-- cucumber -->
    </groups>
    <test started-at="2026-04-01T11:46:43 IST" name="Default test" finished-at="2026-04-01T11:53:30 IST" duration-ms="407335">
      <class name="runnerfile_buy_medicine_system.RunnerFile_BuyMedicines">
        <test-method is-config="true" signature="setUpClass(org.testng.ITestContext)[pri:0, instance:runnerfile_buy_medicine_system.RunnerFile_BuyMedicines@6a2f6f80]" started-at="2026-04-01T11:46:43 IST" name="setUpClass" finished-at="2026-04-01T11:46:46 IST" duration-ms="3077" status="PASS">
          <params>
            <param index="0">
              <value>
                <![CDATA[org.testng.TestRunner@3c68e82]]>
              </value>
            </param>
          </params>
          <reporter-output>
          </reporter-output>
        </test-method> <!-- setUpClass -->
        <test-method signature="runScenario(io.cucumber.testng.PickleWrapper,io.cucumber.testng.FeatureWrapper)[pri:0, instance:runnerfile_buy_medicine_system.RunnerFile_BuyMedicines@6a2f6f80]" started-at="2026-04-01T11:46:46 IST" name="runScenario" description="Runs Cucumber Scenarios" data-provider="scenarios" finished-at="2026-04-01T11:48:12 IST" duration-ms="85437" status="PASS">
          <params>
            <param index="0">
              <value>
                <![CDATA["TC_01 Verify valid medicine search"]]>
              </value>
            </param>
            <param index="1">
              <value>
                <![CDATA["Apollo247 End-to-End Automation"]]>
              </value>
            </param>
          </params>
          <reporter-output>
          </reporter-output>
        </test-method> <!-- runScenario -->
        <test-method signature="runScenario(io.cucumber.testng.PickleWrapper,io.cucumber.testng.FeatureWrapper)[pri:0, instance:runnerfile_buy_medicine_system.RunnerFile_BuyMedicines@6a2f6f80]" started-at="2026-04-01T11:48:12 IST" name="runScenario" description="Runs Cucumber Scenarios" data-provider="scenarios" finished-at="2026-04-01T11:48:56 IST" duration-ms="44454" status="PASS">
          <params>
            <param index="0">
              <value>
                <![CDATA["TC_02 Verify invalid medicine search"]]>
              </value>
            </param>
            <param index="1">
              <value>
                <![CDATA["Apollo247 End-to-End Automation"]]>
              </value>
            </param>
          </params>
          <reporter-output>
          </reporter-output>
        </test-method> <!-- runScenario -->
        <test-method signature="runScenario(io.cucumber.testng.PickleWrapper,io.cucumber.testng.FeatureWrapper)[pri:0, instance:runnerfile_buy_medicine_system.RunnerFile_BuyMedicines@6a2f6f80]" started-at="2026-04-01T11:48:56 IST" name="runScenario" description="Runs Cucumber Scenarios" data-provider="scenarios" finished-at="2026-04-01T11:49:33 IST" duration-ms="37095" status="PASS">
          <params>
            <param index="0">
              <value>
                <![CDATA["TC_03 Verify empty search"]]>
              </value>
            </param>
            <param index="1">
              <value>
                <![CDATA["Apollo247 End-to-End Automation"]]>
              </value>
            </param>
          </params>
          <reporter-output>
          </reporter-output>
        </test-method> <!-- runScenario -->
        <test-method signature="runScenario(io.cucumber.testng.PickleWrapper,io.cucumber.testng.FeatureWrapper)[pri:0, instance:runnerfile_buy_medicine_system.RunnerFile_BuyMedicines@6a2f6f80]" started-at="2026-04-01T11:49:33 IST" name="runScenario" description="Runs Cucumber Scenarios" data-provider="scenarios" finished-at="2026-04-01T11:50:24 IST" duration-ms="50927" status="PASS">
          <params>
            <param index="0">
              <value>
                <![CDATA["TC_04 Verify add to cart"]]>
              </value>
            </param>
            <param index="1">
              <value>
                <![CDATA["Apollo247 End-to-End Automation"]]>
              </value>
            </param>
          </params>
          <reporter-output>
          </reporter-output>
        </test-method> <!-- runScenario -->
        <test-method signature="runScenario(io.cucumber.testng.PickleWrapper,io.cucumber.testng.FeatureWrapper)[pri:0, instance:runnerfile_buy_medicine_system.RunnerFile_BuyMedicines@6a2f6f80]" started-at="2026-04-01T11:50:24 IST" name="runScenario" description="Runs Cucumber Scenarios" data-provider="scenarios" finished-at="2026-04-01T11:51:21 IST" duration-ms="57125" status="PASS">
          <params>
            <param index="0">
              <value>
                <![CDATA["TC_05 Verify quantity increase"]]>
              </value>
            </param>
            <param index="1">
              <value>
                <![CDATA["Apollo247 End-to-End Automation"]]>
              </value>
            </param>
          </params>
          <reporter-output>
          </reporter-output>
        </test-method> <!-- runScenario -->
        <test-method signature="runScenario(io.cucumber.testng.PickleWrapper,io.cucumber.testng.FeatureWrapper)[pri:0, instance:runnerfile_buy_medicine_system.RunnerFile_BuyMedicines@6a2f6f80]" started-at="2026-04-01T11:51:21 IST" name="runScenario" description="Runs Cucumber Scenarios" data-provider="scenarios" finished-at="2026-04-01T11:52:41 IST" duration-ms="79674" status="PASS">
          <params>
            <param index="0">
              <value>
                <![CDATA["TC_06 Verify remove from cart"]]>
              </value>
            </param>
            <param index="1">
              <value>
                <![CDATA["Apollo247 End-to-End Automation"]]>
              </value>
            </param>
          </params>
          <reporter-output>
          </reporter-output>
        </test-method> <!-- runScenario -->
        <test-method signature="runScenario(io.cucumber.testng.PickleWrapper,io.cucumber.testng.FeatureWrapper)[pri:0, instance:runnerfile_buy_medicine_system.RunnerFile_BuyMedicines@6a2f6f80]" started-at="2026-04-01T11:52:41 IST" name="runScenario" description="Runs Cucumber Scenarios" data-provider="scenarios" finished-at="2026-04-01T11:53:29 IST" duration-ms="48387" status="PASS">
          <params>
            <param index="0">
              <value>
                <![CDATA["TC_11 Verify filter functionality"]]>
              </value>
            </param>
            <param index="1">
              <value>
                <![CDATA["Apollo247 End-to-End Automation"]]>
              </value>
            </param>
          </params>
          <reporter-output>
          </reporter-output>
        </test-method> <!-- runScenario -->
        <test-method is-config="true" signature="tearDownClass()[pri:0, instance:runnerfile_buy_medicine_system.RunnerFile_BuyMedicines@6a2f6f80]" started-at="2026-04-01T11:53:29 IST" name="tearDownClass" finished-at="2026-04-01T11:53:30 IST" duration-ms="939" status="PASS">
          <reporter-output>
          </reporter-output>
        </test-method> <!-- tearDownClass -->
      </class> <!-- runnerfile_buy_medicine_system.RunnerFile_BuyMedicines -->
    </test> <!-- Default test -->
  </suite> <!-- Default suite -->
</testng-results>
