<?xml version="1.0" encoding="UTF-8"?>
<testng-results ignored="0" total="4" passed="4" failed="0" skipped="0">
  <reporter-output>
  </reporter-output>
  <suite started-at="2026-04-01T01:39:49 IST" name="Default suite" finished-at="2026-04-01T01:40:01 IST" duration-ms="11569">
    <groups>
    </groups>
    <test started-at="2026-04-01T01:39:49 IST" name="Default test" finished-at="2026-04-01T01:40:01 IST" duration-ms="11569">
      <class name="tests.BookStoreTest">
        <test-method is-config="true" signature="setup()[pri:0, instance:tests.BookStoreTest@5fb759d6]" started-at="2026-04-01T01:39:49 IST" name="setup" finished-at="2026-04-01T01:39:50 IST" duration-ms="888" status="PASS">
          <reporter-output>
          </reporter-output>
        </test-method> <!-- setup -->
        <test-method signature="createUser()[pri:1, instance:tests.BookStoreTest@5fb759d6]" started-at="2026-04-01T01:39:50 IST" name="createUser" finished-at="2026-04-01T01:39:56 IST" duration-ms="5802" status="PASS">
          <reporter-output>
          </reporter-output>
        </test-method> <!-- createUser -->
        <test-method signature="generateToken()[pri:2, instance:tests.BookStoreTest@5fb759d6]" started-at="2026-04-01T01:39:56 IST" name="generateToken" finished-at="2026-04-01T01:39:58 IST" duration-ms="1761" status="PASS">
          <reporter-output>
          </reporter-output>
        </test-method> <!-- generateToken -->
        <test-method signature="authorizedUser()[pri:3, instance:tests.BookStoreTest@5fb759d6]" started-at="2026-04-01T01:39:58 IST" name="authorizedUser" finished-at="2026-04-01T01:39:59 IST" duration-ms="1462" status="PASS">
          <reporter-output>
          </reporter-output>
        </test-method> <!-- authorizedUser -->
        <test-method signature="deleteAllBooks()[pri:4, instance:tests.BookStoreTest@5fb759d6]" started-at="2026-04-01T01:39:59 IST" name="deleteAllBooks" finished-at="2026-04-01T01:40:01 IST" duration-ms="1488" status="PASS">
          <reporter-output>
          </reporter-output>
        </test-method> <!-- deleteAllBooks -->
        <test-method is-config="true" signature="tearDown()[pri:0, instance:tests.BookStoreTest@5fb759d6]" started-at="2026-04-01T01:40:01 IST" name="tearDown" finished-at="2026-04-01T01:40:01 IST" duration-ms="438" status="PASS">
          <reporter-output>
          </reporter-output>
        </test-method> <!-- tearDown -->
      </class> <!-- tests.BookStoreTest -->
    </test> <!-- Default test -->
  </suite> <!-- Default suite -->
</testng-results>
