<?xml version="1.0" encoding="UTF-8"?>
<!-- Generated by org.testng.reporters.JUnitReportReporter -->
<testsuite hostname="LAPTOP-8T37LVQ1" failures="0" tests="4" name="tests.BookStoreTest" time="10.513" errors="0" timestamp="2026-04-01T01:40:01 IST" skipped="0">
  <testcase classname="tests.BookStoreTest" name="createUser" time="5.802"/>
  <testcase classname="tests.BookStoreTest" name="generateToken" time="1.761"/>
  <testcase classname="tests.BookStoreTest" name="authorizedUser" time="1.462"/>
  <testcase classname="tests.BookStoreTest" name="deleteAllBooks" time="1.488"/>
</testsuite> <!-- tests.BookStoreTest -->
