<?xml version="1.0" encoding="UTF-8"?>
<!-- Generated by org.testng.reporters.JUnitReportReporter -->
<testsuite hostname="LAPTOP-25G0Q8S5" failures="0" tests="3" name="tests.BookStoreTest" time="13.154" errors="0" timestamp="2026-04-01T12:17:06 IST" skipped="0">
  <testcase classname="tests.BookStoreTest" name="createUser" time="10.230"/>
  <testcase classname="tests.BookStoreTest" name="generateToken" time="2.016"/>
  <testcase classname="tests.BookStoreTest" name="authorizedUser" time="0.908"/>
</testsuite> <!-- tests.BookStoreTest -->
